SABRE STAY ON GUARD
	STAY ON GUARD
UP
THE
GEE
THE
THE ARE
THERE
I
IS OF
I
I
BATCO
	UNMUTE
THE
A THE
I
WHO
IS
I
I
I
GEE
SABRE
THE
A
WOW
I
THE
THE
A
WHAT
IS
THIS
IS
A
HOW ARE
I
I
IS A
THE
I
A
THE
THE
HOW
I
ME A
WHAT
A
I
I
THE
I
I
I
UP
WOW
THE
A
A
I
THE
GET
GEE THE
THE GET TO THE
THE
I
I
POP
THE
THE
GEE
I'VE
I
WHY
IS
UP
THE
I
GO
AND
THE
THE
I
I
I
POP
A
HIGHER
A I
I
ON
I WHAT
WHAT
GEE
I
I
I
IS
I
THE
WHAT
IS
WOW POP
I
I
THE
I
OF
A
A
POP
I
THERE
IS
ON
I
A
POP
I
A
A
I
I
WHY
IS THE
THE
WOW
OF
I
I
THIS
THIS
WHO'S
I
HEARD
